<?xml version="1.0" encoding="UTF-8"?>
<testsuite xmlns:xsi="http://www.w3.org/2001/XMLSchema-instance" xsi:noNamespaceSchemaLocation="https://maven.apache.org/surefire/maven-surefire-plugin/xsd/surefire-test-report-3.0.xsd" version="3.0" name="com.luv2code.junitdemo.DemoUtilsTest" time="2.098" tests="10" errors="0" skipped="0" failures="0">
  <properties>
[...]
</properties>
  <testcase name="Null and Not Null" classname="com.luv2code.junitdemo.DemoUtilsTest" time="0.024"/>
  <testcase name="Equals and Not Equals" classname="com.luv2code.junitdemo.DemoUtilsTest" time="0.004"/>
  <testcase name="True and False" classname="com.luv2code.junitdemo.DemoUtilsTest" time="0.004"/>
  <testcase name="Lines match" classname="com.luv2code.junitdemo.DemoUtilsTest" time="0.004"/>
  <testcase name="Timeout" classname="com.luv2code.junitdemo.DemoUtilsTest" time="2.027">
    <system-out><![CDATA[I am going to sleep
Sleeping over
]]></system-out>
  </testcase>
  <testcase name="Same and Not Same" classname="com.luv2code.junitdemo.DemoUtilsTest" time="0.001"/>
  <testcase name="Array Equals" classname="com.luv2code.junitdemo.DemoUtilsTest" time="0.003"/>
  <testcase name="Iterable equals" classname="com.luv2code.junitdemo.DemoUtilsTest" time="0.001"/>
  <testcase name="Multiply" classname="com.luv2code.junitdemo.DemoUtilsTest" time="0.0"/>
  <testcase name="Throws and Does Not Throw" classname="com.luv2code.junitdemo.DemoUtilsTest" time="0.001"/>
</testsuite>